<?xml version="1.0" encoding="UTF-8"?>
<!-- Generated by org.testng.reporters.JUnitReportReporter -->
<testsuite skipped="0" hostname="LAPTOP-52U8V2GA" name="com.madhukar.testcases.BankManagerLoginTest" tests="1" failures="0" timestamp="29 Aug 2018 04:28:19 GMT" time="0.545" errors="0">
  <testcase name="loginAsBankManager" time="0.545" classname="com.madhukar.testcases.BankManagerLoginTest"/>
</testsuite> <!-- com.madhukar.testcases.BankManagerLoginTest -->
