<?xml version="1.0" encoding="UTF-8"?>
<!-- Generated by org.testng.reporters.JUnitReportReporter -->
<testsuite skipped="0" hostname="LAPTOP-52U8V2GA" name="com.madhukar.testcases.LoginTest" tests="1" failures="0" timestamp="14 Aug 2018 18:41:42 GMT" time="0.264" errors="0">
  <testcase name="loginAsBankManager" time="0.264" classname="com.madhukar.testcases.LoginTest"/>
</testsuite> <!-- com.madhukar.testcases.LoginTest -->
