<?xml version="1.0" encoding="UTF-8"?>
<!-- Generated by org.testng.reporters.JUnitReportReporter -->
<testsuite hostname="LAPTOP-52U8V2GA" name="com.actitime.UserTest.UserTest" tests="1" failures="0" timestamp="19 Jul 2018 06:27:34 GMT" time="0.001" errors="0">
  <testcase name="deleteUserTest" time="0.001" classname="com.actitime.UserTest.UserTest"/>
</testsuite> <!-- com.actitime.UserTest.UserTest -->
