<?xml version="1.0" encoding="UTF-8"?>
<!-- Generated by org.testng.reporters.JUnitReportReporter -->
<testsuite hostname="LAPTOP-52U8V2GA" name="com.actitime.projectTest.ProjectTest" tests="2" failures="0" timestamp="19 Jul 2018 06:27:34 GMT" time="0.005" errors="0">
  <testcase name="deleteProjectTest" time="0.004" classname="com.actitime.projectTest.ProjectTest"/>
  <testcase name="modifyProjectTest" time="0.001" classname="com.actitime.projectTest.ProjectTest"/>
</testsuite> <!-- com.actitime.projectTest.ProjectTest -->
